<?xml version='1.0' encoding='UTF-8' ?>
<testsuite name="com.example.sportmatch.RegisterTest" tests="1" failures="0" errors="0" skipped="0" time="8.986" timestamp="2024-01-30T18:26:59" hostname="localhost">
  <properties>
    <property name="device" value="SM-A536B - 13" />
    <property name="flavor" value="" />
    <property name="project" value=":app" />
  </properties>
  <testcase name="testLoginWithValidCredentialsNavigatesToBottomNavActivity" classname="com.example.sportmatch.RegisterTest" time="7.956" />
</testsuite>